2011-08-25 15:45:47 Warning: Warning (2): Invalid argument supplied for foreach() in [C:\wamp\www\cake\app\views\users\add.ctp, line 26]
2011-08-25 15:45:47 Warning: Warning (2): Invalid argument supplied for foreach() in [C:\wamp\www\cake\app\views\users\add.ctp, line 55]
2011-08-25 15:49:37 Warning: Warning (2): Invalid argument supplied for foreach() in [C:\wamp\www\cake\app\views\users\add.ctp, line 26]
2011-08-25 15:49:37 Warning: Warning (2): Invalid argument supplied for foreach() in [C:\wamp\www\cake\app\views\users\add.ctp, line 55]
2011-08-25 15:49:39 Warning: Warning (2): Invalid argument supplied for foreach() in [C:\wamp\www\cake\app\views\users\add.ctp, line 26]
2011-08-25 15:49:39 Warning: Warning (2): Invalid argument supplied for foreach() in [C:\wamp\www\cake\app\views\users\add.ctp, line 55]
2011-08-25 15:51:02 Warning: Warning (2): Invalid argument supplied for foreach() in [C:\wamp\www\cake\app\views\users\add.ctp, line 26]
2011-08-25 15:51:02 Warning: Warning (2): Invalid argument supplied for foreach() in [C:\wamp\www\cake\app\views\users\add.ctp, line 55]
2011-08-25 16:46:59 Warning: Warning (512): DbAcl::allow() - Invalid node in [C:\wamp\www\cake\cake\libs\controller\components\acl.php, line 361]
2011-08-26 04:30:33 Warning: Warning (512): <span style="color:Red;text-align:left"><b>SQL Error:</b> 1054: Unknown column 'User.username' in 'where clause'</span> in [C:\wamp\www\cake\libs\model\datasources\dbo_source.php, line 684]
2011-08-26 04:31:08 Warning: Warning (512): <span style="color:Red;text-align:left"><b>SQL Error:</b> 1054: Unknown column 'User.username' in 'where clause'</span> in [C:\wamp\www\cake\libs\model\datasources\dbo_source.php, line 684]
2011-08-26 04:31:10 Warning: Warning (512): <span style="color:Red;text-align:left"><b>SQL Error:</b> 1054: Unknown column 'User.username' in 'where clause'</span> in [C:\wamp\www\cake\libs\model\datasources\dbo_source.php, line 684]
2011-08-26 04:31:12 Warning: Warning (512): <span style="color:Red;text-align:left"><b>SQL Error:</b> 1054: Unknown column 'User.username' in 'where clause'</span> in [C:\wamp\www\cake\libs\model\datasources\dbo_source.php, line 684]
2011-08-26 04:32:11 Warning: Warning (512): <span style="color:Red;text-align:left"><b>SQL Error:</b> 1054: Unknown column 'User.username' in 'where clause'</span> in [C:\wamp\www\cake\libs\model\datasources\dbo_source.php, line 684]
2011-08-26 04:35:36 Warning: Warning (512): <span style="color:Red;text-align:left"><b>SQL Error:</b> 1054: Unknown column 'User.username' in 'where clause'</span> in [C:\wamp\www\cake\libs\model\datasources\dbo_source.php, line 684]
2011-08-26 04:36:08 Warning: Warning (512): <span style="color:Red;text-align:left"><b>SQL Error:</b> 1054: Unknown column 'User.username' in 'where clause'</span> in [C:\wamp\www\cake\libs\model\datasources\dbo_source.php, line 684]
2011-08-26 04:37:26 Warning: Warning (512): <span style="color:Red;text-align:left"><b>SQL Error:</b> 1054: Unknown column 'User.username' in 'where clause'</span> in [C:\wamp\www\cake\libs\model\datasources\dbo_source.php, line 684]
2011-08-26 04:37:46 Warning: Warning (512): <span style="color:Red;text-align:left"><b>SQL Error:</b> 1054: Unknown column 'User.username' in 'where clause'</span> in [C:\wamp\www\cake\libs\model\datasources\dbo_source.php, line 684]
2011-08-26 07:31:15 Warning: Warning (512): AclNode::node() - Couldn't find Aro node identified by "Array
(
    [Aro0.model] => Group
    [Aro0.foreign_key] => 3
)
" in [C:\wamp\www\cake\libs\model\db_acl.php, line 191]
2011-08-26 07:31:15 Warning: Warning (512): DbAcl::allow() - Invalid node in [C:\wamp\www\cake\libs\controller\components\acl.php, line 361]
2011-08-27 01:38:11 Warning: Warning (512): AclNode::node() - Couldn't find Aro node identified by "Array
(
    [Aro0.model] => Group
    [Aro0.foreign_key] => 9
)
" in [C:\wamp\www\cake\libs\model\db_acl.php, line 191]
2011-08-27 01:40:07 Warning: Warning (512): Callback parentNode() not defined in User in [C:\wamp\www\cake\libs\model\behaviors\acl.php, line 64]
2011-08-27 01:40:11 Warning: Warning (512): Callback parentNode() not defined in User in [C:\wamp\www\cake\libs\model\behaviors\acl.php, line 64]
2011-08-27 01:40:12 Warning: Warning (512): Callback parentNode() not defined in User in [C:\wamp\www\cake\libs\model\behaviors\acl.php, line 64]
2011-08-27 01:40:18 Warning: Warning (512): Callback parentNode() not defined in User in [C:\wamp\www\cake\libs\model\behaviors\acl.php, line 64]
2011-08-27 01:40:46 Warning: Warning (512): Callback parentNode() not defined in User in [C:\wamp\www\cake\libs\model\behaviors\acl.php, line 64]
2011-08-27 01:40:46 Warning: Warning (512): <span style="color:Red;text-align:left"><b>SQL Error:</b> 1064: You have an error in your SQL syntax; check the manual that corresponds to your MySQL server version for the right syntax to use near 'parentNode' at line 1</span> in [C:\wamp\www\cake\libs\model\datasources\dbo_source.php, line 684]
2011-08-27 01:40:46 Warning: Warning (512): Callback parentNode() not defined in User in [C:\wamp\www\cake\libs\model\behaviors\acl.php, line 64]
2011-08-27 01:42:19 Warning: Warning (512): Callback parentNode() not defined in User in [C:\wamp\www\cake\libs\model\behaviors\acl.php, line 64]
2011-08-27 01:42:22 Warning: Warning (512): Callback parentNode() not defined in User in [C:\wamp\www\cake\libs\model\behaviors\acl.php, line 64]
2011-08-27 01:42:23 Warning: Warning (512): Callback parentNode() not defined in User in [C:\wamp\www\cake\libs\model\behaviors\acl.php, line 64]
2011-08-27 01:42:25 Warning: Warning (512): Callback parentNode() not defined in User in [C:\wamp\www\cake\libs\model\behaviors\acl.php, line 64]
2011-08-27 01:42:25 Warning: Warning (512): Callback parentNode() not defined in User in [C:\wamp\www\cake\libs\model\behaviors\acl.php, line 64]
2011-08-27 01:42:34 Warning: Warning (512): Callback parentNode() not defined in User in [C:\wamp\www\cake\libs\model\behaviors\acl.php, line 64]
2011-08-27 01:42:36 Warning: Warning (512): Callback parentNode() not defined in User in [C:\wamp\www\cake\libs\model\behaviors\acl.php, line 64]
2011-08-27 01:42:39 Warning: Warning (512): Callback parentNode() not defined in User in [C:\wamp\www\cake\libs\model\behaviors\acl.php, line 64]
2011-08-27 01:42:39 Warning: Warning (512): Callback parentNode() not defined in User in [C:\wamp\www\cake\libs\model\behaviors\acl.php, line 64]
2011-08-27 01:43:16 Warning: Warning (512): Callback parentNode() not defined in User in [C:\wamp\www\cake\libs\model\behaviors\acl.php, line 64]
2011-08-27 01:43:22 Warning: Warning (512): Callback parentNode() not defined in User in [C:\wamp\www\cake\libs\model\behaviors\acl.php, line 64]
2011-08-27 01:43:23 Warning: Warning (512): Callback parentNode() not defined in User in [C:\wamp\www\cake\libs\model\behaviors\acl.php, line 64]
2011-08-27 01:43:25 Warning: Warning (512): Callback parentNode() not defined in User in [C:\wamp\www\cake\libs\model\behaviors\acl.php, line 64]
2011-08-27 01:43:53 Warning: Warning (512): Callback parentNode() not defined in User in [C:\wamp\www\cake\libs\model\behaviors\acl.php, line 64]
2011-08-27 01:43:53 Warning: Warning (512): <span style="color:Red;text-align:left"><b>SQL Error:</b> 1064: You have an error in your SQL syntax; check the manual that corresponds to your MySQL server version for the right syntax to use near 'parentNode' at line 1</span> in [C:\wamp\www\cake\libs\model\datasources\dbo_source.php, line 684]
2011-08-27 01:43:53 Warning: Warning (512): Callback parentNode() not defined in User in [C:\wamp\www\cake\libs\model\behaviors\acl.php, line 64]
2011-08-27 02:22:50 Warning: Warning (512): AclNode::node() - Couldn't find Aro node identified by "Array
(
    [Aro0.model] => User
    [Aro0.foreign_key] => 1
)
" in [C:\wamp\www\cake\libs\model\db_acl.php, line 191]
2011-09-08 00:50:12 Warning: Warning (2): mysql_pconnect() [<a href='http://php.net/function.mysql-pconnect'>function.mysql-pconnect</a>]: MySQL server has gone away in [C:\wamp\www\cake\libs\model\datasources\dbo\dbo_mysql.php, line 555]
2011-09-08 06:30:49 Warning: Warning (512): <span style="color:Red;text-align:left"><b>SQL Error:</b> 1054: Unknown column 'lala' in 'where clause'</span> in [C:\wamp\www\cake\libs\model\datasources\dbo_source.php, line 684]
2011-09-09 06:24:28 Warning: Warning (2): mail() [<a href='http://php.net/function.mail'>function.mail</a>]: Failed to connect to mailserver at &quot;localhost&quot; port 25, verify your &quot;SMTP&quot; and &quot;smtp_port&quot; setting in php.ini or use ini_set() in [C:\wamp\www\app\controllers\users_controller.php, line 74]
2011-09-09 06:25:06 Warning: Warning (2): mail() [<a href='http://php.net/function.mail'>function.mail</a>]: Failed to connect to mailserver at &quot;localhost&quot; port 25, verify your &quot;SMTP&quot; and &quot;smtp_port&quot; setting in php.ini or use ini_set() in [C:\wamp\www\app\controllers\users_controller.php, line 74]
2011-09-09 07:06:14 Warning: Warning (512): <span style="color:Red;text-align:left"><b>SQL Error:</b> 1064: You have an error in your SQL syntax; check the manual that corresponds to your MySQL server version for the right syntax to use near 'rand_string' at line 1</span> in [C:\wamp\www\cake\libs\model\datasources\dbo_source.php, line 684]
2011-09-09 07:13:21 Warning: Warning (512): <span style="color:Red;text-align:left"><b>SQL Error:</b> 1064: You have an error in your SQL syntax; check the manual that corresponds to your MySQL server version for the right syntax to use near 'rand_string' at line 1</span> in [C:\wamp\www\cake\libs\model\datasources\dbo_source.php, line 684]
2011-09-09 07:24:49 Warning: Warning (512): <span style="color:Red;text-align:left"><b>SQL Error:</b> 1064: You have an error in your SQL syntax; check the manual that corresponds to your MySQL server version for the right syntax to use near 'rand_string' at line 1</span> in [C:\wamp\www\cake\libs\model\datasources\dbo_source.php, line 684]
2011-09-09 07:27:08 Warning: Warning (512): <span style="color:Red;text-align:left"><b>SQL Error:</b> 1064: You have an error in your SQL syntax; check the manual that corresponds to your MySQL server version for the right syntax to use near 'rand_string' at line 1</span> in [C:\wamp\www\cake\libs\model\datasources\dbo_source.php, line 684]
2011-09-09 07:28:28 Warning: Warning (512): <span style="color:Red;text-align:left"><b>SQL Error:</b> 1064: You have an error in your SQL syntax; check the manual that corresponds to your MySQL server version for the right syntax to use near 'rand_string' at line 1</span> in [C:\wamp\www\cake\libs\model\datasources\dbo_source.php, line 684]
2011-09-10 02:29:34 Warning: Warning (2): mysql_pconnect() [<a href='http://php.net/function.mysql-pconnect'>function.mysql-pconnect</a>]: Access denied for user '&quot;campuswa_jungtae&quot;,'@'localhost' (using password: YES) in [/home/campuswa/public_html/cake/libs/model/datasources/dbo/dbo_mysql.php, line 555]
2011-09-10 02:29:34 Warning: Warning (2): mysql_select_db() expects parameter 2 to be resource, boolean given in [/home/campuswa/public_html/cake/libs/model/datasources/dbo/dbo_mysql.php, line 558]
2011-09-10 02:29:34 Warning: Warning (2): mysql_get_server_info() expects parameter 1 to be resource, boolean given in [/home/campuswa/public_html/cake/libs/model/datasources/dbo/dbo_mysql.php, line 566]
2011-09-10 02:29:34 Warning: Warning (2): mysql_query() expects parameter 2 to be resource, boolean given in [/home/campuswa/public_html/cake/libs/model/datasources/dbo/dbo_mysql.php, line 600]
2011-09-10 02:29:34 Warning: Warning (2): Cannot modify header information - headers already sent by (output started at /home/campuswa/public_html/cake/libs/debugger.php:673) in [/home/campuswa/public_html/cake/libs/controller/controller.php, line 742]
2011-09-10 02:29:34 Warning: Warning (2): mysql_pconnect() [<a href='http://php.net/function.mysql-pconnect'>function.mysql-pconnect</a>]: Access denied for user '&quot;campuswa_jungtae&quot;,'@'localhost' (using password: YES) in [/home/campuswa/public_html/cake/libs/model/datasources/dbo/dbo_mysql.php, line 555]
2011-09-10 02:29:34 Warning: Warning (2): mysql_select_db() expects parameter 2 to be resource, boolean given in [/home/campuswa/public_html/cake/libs/model/datasources/dbo/dbo_mysql.php, line 558]
2011-09-10 02:29:34 Warning: Warning (2): mysql_get_server_info() expects parameter 1 to be resource, boolean given in [/home/campuswa/public_html/cake/libs/model/datasources/dbo/dbo_mysql.php, line 566]
2011-09-10 02:29:34 Warning: Warning (2): mysql_query() expects parameter 2 to be resource, boolean given in [/home/campuswa/public_html/cake/libs/model/datasources/dbo/dbo_mysql.php, line 600]
2011-09-10 02:29:34 Warning: Warning (2): Cannot modify header information - headers already sent by (output started at /home/campuswa/public_html/cake/libs/debugger.php:673) in [/home/campuswa/public_html/cake/libs/controller/controller.php, line 742]
2011-09-10 02:29:50 Warning: Warning (2): mysql_pconnect() [<a href='http://php.net/function.mysql-pconnect'>function.mysql-pconnect</a>]: Access denied for user '&quot;campuswa_jungtae&quot;,'@'localhost' (using password: YES) in [/home/campuswa/public_html/cake/libs/model/datasources/dbo/dbo_mysql.php, line 555]
2011-09-10 02:29:50 Warning: Warning (2): mysql_select_db() expects parameter 2 to be resource, boolean given in [/home/campuswa/public_html/cake/libs/model/datasources/dbo/dbo_mysql.php, line 558]
2011-09-10 02:29:50 Warning: Warning (2): mysql_get_server_info() expects parameter 1 to be resource, boolean given in [/home/campuswa/public_html/cake/libs/model/datasources/dbo/dbo_mysql.php, line 566]
2011-09-10 02:29:50 Warning: Warning (2): mysql_query() expects parameter 2 to be resource, boolean given in [/home/campuswa/public_html/cake/libs/model/datasources/dbo/dbo_mysql.php, line 600]
2011-09-10 02:29:50 Warning: Warning (2): Cannot modify header information - headers already sent by (output started at /home/campuswa/public_html/cake/libs/debugger.php:673) in [/home/campuswa/public_html/cake/libs/controller/controller.php, line 742]
2011-09-10 02:29:51 Warning: Warning (2): mysql_pconnect() [<a href='http://php.net/function.mysql-pconnect'>function.mysql-pconnect</a>]: Access denied for user '&quot;campuswa_jungtae&quot;,'@'localhost' (using password: YES) in [/home/campuswa/public_html/cake/libs/model/datasources/dbo/dbo_mysql.php, line 555]
2011-09-10 02:29:51 Warning: Warning (2): mysql_select_db() expects parameter 2 to be resource, boolean given in [/home/campuswa/public_html/cake/libs/model/datasources/dbo/dbo_mysql.php, line 558]
2011-09-10 02:29:51 Warning: Warning (2): mysql_get_server_info() expects parameter 1 to be resource, boolean given in [/home/campuswa/public_html/cake/libs/model/datasources/dbo/dbo_mysql.php, line 566]
2011-09-10 02:29:51 Warning: Warning (2): mysql_query() expects parameter 2 to be resource, boolean given in [/home/campuswa/public_html/cake/libs/model/datasources/dbo/dbo_mysql.php, line 600]
2011-09-10 02:29:51 Warning: Warning (2): Cannot modify header information - headers already sent by (output started at /home/campuswa/public_html/cake/libs/debugger.php:673) in [/home/campuswa/public_html/cake/libs/controller/controller.php, line 742]
2011-09-10 02:33:20 Warning: Warning (2): mysql_pconnect() [<a href='http://php.net/function.mysql-pconnect'>function.mysql-pconnect</a>]: Access denied for user '&quot;campuswa_jungtae&quot;,'@'localhost' (using password: YES) in [/home/campuswa/public_html/cake/libs/model/datasources/dbo/dbo_mysql.php, line 555]
2011-09-10 02:33:20 Warning: Warning (2): mysql_select_db() expects parameter 2 to be resource, boolean given in [/home/campuswa/public_html/cake/libs/model/datasources/dbo/dbo_mysql.php, line 558]
2011-09-10 02:33:20 Warning: Warning (2): mysql_get_server_info() expects parameter 1 to be resource, boolean given in [/home/campuswa/public_html/cake/libs/model/datasources/dbo/dbo_mysql.php, line 566]
2011-09-10 02:33:20 Warning: Warning (2): mysql_query() expects parameter 2 to be resource, boolean given in [/home/campuswa/public_html/cake/libs/model/datasources/dbo/dbo_mysql.php, line 600]
2011-09-10 02:33:20 Warning: Warning (2): Cannot modify header information - headers already sent by (output started at /home/campuswa/public_html/cake/libs/debugger.php:673) in [/home/campuswa/public_html/cake/libs/controller/controller.php, line 742]
2011-09-10 02:33:26 Warning: Warning (2): mysql_pconnect() [<a href='http://php.net/function.mysql-pconnect'>function.mysql-pconnect</a>]: Access denied for user '&quot;campuswa_jungtae&quot;,'@'localhost' (using password: YES) in [/home/campuswa/public_html/cake/libs/model/datasources/dbo/dbo_mysql.php, line 555]
2011-09-10 02:33:26 Warning: Warning (2): mysql_select_db() expects parameter 2 to be resource, boolean given in [/home/campuswa/public_html/cake/libs/model/datasources/dbo/dbo_mysql.php, line 558]
2011-09-10 02:33:26 Warning: Warning (2): mysql_get_server_info() expects parameter 1 to be resource, boolean given in [/home/campuswa/public_html/cake/libs/model/datasources/dbo/dbo_mysql.php, line 566]
2011-09-10 02:33:26 Warning: Warning (2): mysql_query() expects parameter 2 to be resource, boolean given in [/home/campuswa/public_html/cake/libs/model/datasources/dbo/dbo_mysql.php, line 600]
2011-09-10 02:33:26 Warning: Warning (2): Cannot modify header information - headers already sent by (output started at /home/campuswa/public_html/cake/libs/debugger.php:673) in [/home/campuswa/public_html/cake/libs/controller/controller.php, line 742]
2011-09-10 02:33:26 Warning: Warning (2): mysql_pconnect() [<a href='http://php.net/function.mysql-pconnect'>function.mysql-pconnect</a>]: Access denied for user '&quot;campuswa_jungtae&quot;,'@'localhost' (using password: YES) in [/home/campuswa/public_html/cake/libs/model/datasources/dbo/dbo_mysql.php, line 555]
2011-09-10 02:33:26 Warning: Warning (2): mysql_select_db() expects parameter 2 to be resource, boolean given in [/home/campuswa/public_html/cake/libs/model/datasources/dbo/dbo_mysql.php, line 558]
2011-09-10 02:33:26 Warning: Warning (2): mysql_get_server_info() expects parameter 1 to be resource, boolean given in [/home/campuswa/public_html/cake/libs/model/datasources/dbo/dbo_mysql.php, line 566]
2011-09-10 02:33:26 Warning: Warning (2): mysql_query() expects parameter 2 to be resource, boolean given in [/home/campuswa/public_html/cake/libs/model/datasources/dbo/dbo_mysql.php, line 600]
2011-09-10 02:33:26 Warning: Warning (2): Cannot modify header information - headers already sent by (output started at /home/campuswa/public_html/cake/libs/debugger.php:673) in [/home/campuswa/public_html/cake/libs/controller/controller.php, line 742]
2011-09-10 02:37:35 Warning: Warning (2): mysql_pconnect() [<a href='http://php.net/function.mysql-pconnect'>function.mysql-pconnect</a>]: Access denied for user '&quot;campuswa_jungtae&quot;,'@'localhost' (using password: YES) in [/home/campuswa/public_html/cake/libs/model/datasources/dbo/dbo_mysql.php, line 555]
2011-09-10 02:37:35 Warning: Warning (2): mysql_select_db() expects parameter 2 to be resource, boolean given in [/home/campuswa/public_html/cake/libs/model/datasources/dbo/dbo_mysql.php, line 558]
2011-09-10 02:37:35 Warning: Warning (2): mysql_get_server_info() expects parameter 1 to be resource, boolean given in [/home/campuswa/public_html/cake/libs/model/datasources/dbo/dbo_mysql.php, line 566]
2011-09-10 02:37:35 Warning: Warning (2): mysql_query() expects parameter 2 to be resource, boolean given in [/home/campuswa/public_html/cake/libs/model/datasources/dbo/dbo_mysql.php, line 600]
2011-09-10 02:37:35 Warning: Warning (2): Cannot modify header information - headers already sent by (output started at /home/campuswa/public_html/cake/libs/debugger.php:673) in [/home/campuswa/public_html/cake/libs/controller/controller.php, line 742]
2011-09-10 02:37:35 Warning: Warning (2): mysql_pconnect() [<a href='http://php.net/function.mysql-pconnect'>function.mysql-pconnect</a>]: Access denied for user '&quot;campuswa_jungtae&quot;,'@'localhost' (using password: YES) in [/home/campuswa/public_html/cake/libs/model/datasources/dbo/dbo_mysql.php, line 555]
2011-09-10 02:37:35 Warning: Warning (2): mysql_select_db() expects parameter 2 to be resource, boolean given in [/home/campuswa/public_html/cake/libs/model/datasources/dbo/dbo_mysql.php, line 558]
2011-09-10 02:37:35 Warning: Warning (2): mysql_get_server_info() expects parameter 1 to be resource, boolean given in [/home/campuswa/public_html/cake/libs/model/datasources/dbo/dbo_mysql.php, line 566]
2011-09-10 02:37:35 Warning: Warning (2): mysql_query() expects parameter 2 to be resource, boolean given in [/home/campuswa/public_html/cake/libs/model/datasources/dbo/dbo_mysql.php, line 600]
2011-09-10 02:37:35 Warning: Warning (2): Cannot modify header information - headers already sent by (output started at /home/campuswa/public_html/cake/libs/debugger.php:673) in [/home/campuswa/public_html/cake/libs/controller/controller.php, line 742]
2011-09-10 03:03:41 Warning: Warning (2): mysql_pconnect() [<a href='http://php.net/function.mysql-pconnect'>function.mysql-pconnect</a>]: Access denied for user 'root'@'localhost' (using password: NO) in [/home/campuswa/public_html/cake/libs/model/datasources/dbo/dbo_mysql.php, line 555]
2011-09-10 03:03:41 Warning: Warning (2): mysql_select_db() expects parameter 2 to be resource, boolean given in [/home/campuswa/public_html/cake/libs/model/datasources/dbo/dbo_mysql.php, line 558]
2011-09-10 03:03:41 Warning: Warning (2): mysql_get_server_info() expects parameter 1 to be resource, boolean given in [/home/campuswa/public_html/cake/libs/model/datasources/dbo/dbo_mysql.php, line 566]
2011-09-10 03:03:41 Warning: Warning (2): mysql_query() expects parameter 2 to be resource, boolean given in [/home/campuswa/public_html/cake/libs/model/datasources/dbo/dbo_mysql.php, line 600]
2011-09-10 03:03:41 Warning: Warning (2): Cannot modify header information - headers already sent by (output started at /home/campuswa/public_html/cake/libs/debugger.php:673) in [/home/campuswa/public_html/cake/libs/controller/controller.php, line 742]
2011-09-10 03:03:41 Warning: Warning (2): mysql_pconnect() [<a href='http://php.net/function.mysql-pconnect'>function.mysql-pconnect</a>]: Access denied for user 'root'@'localhost' (using password: NO) in [/home/campuswa/public_html/cake/libs/model/datasources/dbo/dbo_mysql.php, line 555]
2011-09-10 03:03:41 Warning: Warning (2): mysql_select_db() expects parameter 2 to be resource, boolean given in [/home/campuswa/public_html/cake/libs/model/datasources/dbo/dbo_mysql.php, line 558]
2011-09-10 03:03:41 Warning: Warning (2): mysql_get_server_info() expects parameter 1 to be resource, boolean given in [/home/campuswa/public_html/cake/libs/model/datasources/dbo/dbo_mysql.php, line 566]
2011-09-10 03:03:41 Warning: Warning (2): mysql_query() expects parameter 2 to be resource, boolean given in [/home/campuswa/public_html/cake/libs/model/datasources/dbo/dbo_mysql.php, line 600]
2011-09-10 03:03:41 Warning: Warning (2): Cannot modify header information - headers already sent by (output started at /home/campuswa/public_html/cake/libs/debugger.php:673) in [/home/campuswa/public_html/cake/libs/controller/controller.php, line 742]
2011-09-10 03:06:47 Warning: Warning (2): mysql_pconnect() [<a href='http://php.net/function.mysql-pconnect'>function.mysql-pconnect</a>]: Access denied for user 'root'@'localhost' (using password: NO) in [/home/campuswa/public_html/cake/libs/model/datasources/dbo/dbo_mysql.php, line 555]
2011-09-10 03:06:47 Warning: Warning (2): mysql_select_db() expects parameter 2 to be resource, boolean given in [/home/campuswa/public_html/cake/libs/model/datasources/dbo/dbo_mysql.php, line 558]
2011-09-10 03:06:47 Warning: Warning (2): mysql_get_server_info() expects parameter 1 to be resource, boolean given in [/home/campuswa/public_html/cake/libs/model/datasources/dbo/dbo_mysql.php, line 566]
2011-09-10 03:06:47 Warning: Warning (2): mysql_query() expects parameter 2 to be resource, boolean given in [/home/campuswa/public_html/cake/libs/model/datasources/dbo/dbo_mysql.php, line 600]
2011-09-10 03:06:47 Warning: Warning (2): Cannot modify header information - headers already sent by (output started at /home/campuswa/public_html/cake/libs/debugger.php:673) in [/home/campuswa/public_html/cake/libs/controller/controller.php, line 742]
2011-09-10 03:06:48 Warning: Warning (2): mysql_pconnect() [<a href='http://php.net/function.mysql-pconnect'>function.mysql-pconnect</a>]: Access denied for user 'root'@'localhost' (using password: NO) in [/home/campuswa/public_html/cake/libs/model/datasources/dbo/dbo_mysql.php, line 555]
2011-09-10 03:06:48 Warning: Warning (2): mysql_select_db() expects parameter 2 to be resource, boolean given in [/home/campuswa/public_html/cake/libs/model/datasources/dbo/dbo_mysql.php, line 558]
2011-09-10 03:06:48 Warning: Warning (2): mysql_get_server_info() expects parameter 1 to be resource, boolean given in [/home/campuswa/public_html/cake/libs/model/datasources/dbo/dbo_mysql.php, line 566]
2011-09-10 03:06:48 Warning: Warning (2): mysql_query() expects parameter 2 to be resource, boolean given in [/home/campuswa/public_html/cake/libs/model/datasources/dbo/dbo_mysql.php, line 600]
2011-09-10 03:06:48 Warning: Warning (2): Cannot modify header information - headers already sent by (output started at /home/campuswa/public_html/cake/libs/debugger.php:673) in [/home/campuswa/public_html/cake/libs/controller/controller.php, line 742]
2011-09-10 03:10:59 Warning: Warning (2): mysql_pconnect() [<a href='http://php.net/function.mysql-pconnect'>function.mysql-pconnect</a>]: Access denied for user 'root'@'localhost' (using password: NO) in [/home/campuswa/public_html/cake/libs/model/datasources/dbo/dbo_mysql.php, line 555]
2011-09-10 03:10:59 Warning: Warning (2): mysql_select_db() expects parameter 2 to be resource, boolean given in [/home/campuswa/public_html/cake/libs/model/datasources/dbo/dbo_mysql.php, line 558]
2011-09-10 03:10:59 Warning: Warning (2): mysql_get_server_info() expects parameter 1 to be resource, boolean given in [/home/campuswa/public_html/cake/libs/model/datasources/dbo/dbo_mysql.php, line 566]
2011-09-10 03:10:59 Warning: Warning (2): mysql_query() expects parameter 2 to be resource, boolean given in [/home/campuswa/public_html/cake/libs/model/datasources/dbo/dbo_mysql.php, line 600]
2011-09-10 03:10:59 Warning: Warning (2): Cannot modify header information - headers already sent by (output started at /home/campuswa/public_html/cake/libs/debugger.php:673) in [/home/campuswa/public_html/cake/libs/controller/controller.php, line 742]
2011-09-10 03:11:00 Warning: Warning (2): mysql_pconnect() [<a href='http://php.net/function.mysql-pconnect'>function.mysql-pconnect</a>]: Access denied for user 'root'@'localhost' (using password: NO) in [/home/campuswa/public_html/cake/libs/model/datasources/dbo/dbo_mysql.php, line 555]
2011-09-10 03:11:00 Warning: Warning (2): mysql_select_db() expects parameter 2 to be resource, boolean given in [/home/campuswa/public_html/cake/libs/model/datasources/dbo/dbo_mysql.php, line 558]
2011-09-10 03:11:00 Warning: Warning (2): mysql_get_server_info() expects parameter 1 to be resource, boolean given in [/home/campuswa/public_html/cake/libs/model/datasources/dbo/dbo_mysql.php, line 566]
2011-09-10 03:11:00 Warning: Warning (2): mysql_query() expects parameter 2 to be resource, boolean given in [/home/campuswa/public_html/cake/libs/model/datasources/dbo/dbo_mysql.php, line 600]
2011-09-10 03:11:00 Warning: Warning (2): Cannot modify header information - headers already sent by (output started at /home/campuswa/public_html/cake/libs/debugger.php:673) in [/home/campuswa/public_html/cake/libs/controller/controller.php, line 742]
2011-09-11 11:44:25 Warning: Warning (2): mysql_pconnect() [<a href='http://php.net/function.mysql-pconnect'>function.mysql-pconnect</a>]: Unknown MySQL server host 'localhostsdafdsaf' (1) in [/home/campuswa/public_html/cake/libs/model/datasources/dbo/dbo_mysql.php, line 555]
2011-09-11 11:44:25 Warning: Warning (2): mysql_select_db() expects parameter 2 to be resource, boolean given in [/home/campuswa/public_html/cake/libs/model/datasources/dbo/dbo_mysql.php, line 558]
2011-09-11 11:44:25 Warning: Warning (2): mysql_get_server_info() expects parameter 1 to be resource, boolean given in [/home/campuswa/public_html/cake/libs/model/datasources/dbo/dbo_mysql.php, line 566]
2011-09-11 11:44:25 Warning: Warning (2): mysql_query() expects parameter 2 to be resource, boolean given in [/home/campuswa/public_html/cake/libs/model/datasources/dbo/dbo_mysql.php, line 600]
2011-09-11 11:44:25 Warning: Warning (2): Cannot modify header information - headers already sent by (output started at /home/campuswa/public_html/cake/libs/debugger.php:673) in [/home/campuswa/public_html/cake/libs/controller/controller.php, line 742]
2011-09-11 11:48:43 Warning: Warning (2): mysql_pconnect() [<a href='http://php.net/function.mysql-pconnect'>function.mysql-pconnect</a>]: Access denied for user 'campuswa_yulin'@'localhost' (using password: YES) in [/home/campuswa/public_html/cake/libs/model/datasources/dbo/dbo_mysql.php, line 555]
2011-09-11 11:48:43 Warning: Warning (2): mysql_select_db() expects parameter 2 to be resource, boolean given in [/home/campuswa/public_html/cake/libs/model/datasources/dbo/dbo_mysql.php, line 558]
2011-09-11 11:48:43 Warning: Warning (2): mysql_get_server_info() expects parameter 1 to be resource, boolean given in [/home/campuswa/public_html/cake/libs/model/datasources/dbo/dbo_mysql.php, line 566]
2011-09-11 11:48:43 Warning: Warning (2): mysql_query() expects parameter 2 to be resource, boolean given in [/home/campuswa/public_html/cake/libs/model/datasources/dbo/dbo_mysql.php, line 600]
2011-09-11 11:48:43 Warning: Warning (2): Cannot modify header information - headers already sent by (output started at /home/campuswa/public_html/cake/libs/debugger.php:673) in [/home/campuswa/public_html/cake/libs/controller/controller.php, line 742]
2011-09-11 11:48:43 Warning: Warning (2): mysql_pconnect() [<a href='http://php.net/function.mysql-pconnect'>function.mysql-pconnect</a>]: Access denied for user 'campuswa_yulin'@'localhost' (using password: YES) in [/home/campuswa/public_html/cake/libs/model/datasources/dbo/dbo_mysql.php, line 555]
2011-09-11 11:48:43 Warning: Warning (2): mysql_select_db() expects parameter 2 to be resource, boolean given in [/home/campuswa/public_html/cake/libs/model/datasources/dbo/dbo_mysql.php, line 558]
2011-09-11 11:48:43 Warning: Warning (2): mysql_get_server_info() expects parameter 1 to be resource, boolean given in [/home/campuswa/public_html/cake/libs/model/datasources/dbo/dbo_mysql.php, line 566]
2011-09-11 11:48:43 Warning: Warning (2): mysql_query() expects parameter 2 to be resource, boolean given in [/home/campuswa/public_html/cake/libs/model/datasources/dbo/dbo_mysql.php, line 600]
2011-09-11 11:48:43 Warning: Warning (2): Cannot modify header information - headers already sent by (output started at /home/campuswa/public_html/cake/libs/debugger.php:673) in [/home/campuswa/public_html/cake/libs/controller/controller.php, line 742]
2011-09-11 11:48:52 Warning: Warning (2): mysql_pconnect() [<a href='http://php.net/function.mysql-pconnect'>function.mysql-pconnect</a>]: Access denied for user 'campuswa_yulin'@'localhost' (using password: YES) in [/home/campuswa/public_html/cake/libs/model/datasources/dbo/dbo_mysql.php, line 555]
2011-09-11 11:48:52 Warning: Warning (2): mysql_select_db() expects parameter 2 to be resource, boolean given in [/home/campuswa/public_html/cake/libs/model/datasources/dbo/dbo_mysql.php, line 558]
2011-09-11 11:48:52 Warning: Warning (2): mysql_get_server_info() expects parameter 1 to be resource, boolean given in [/home/campuswa/public_html/cake/libs/model/datasources/dbo/dbo_mysql.php, line 566]
2011-09-11 11:48:52 Warning: Warning (2): mysql_query() expects parameter 2 to be resource, boolean given in [/home/campuswa/public_html/cake/libs/model/datasources/dbo/dbo_mysql.php, line 600]
2011-09-11 11:48:52 Warning: Warning (2): Cannot modify header information - headers already sent by (output started at /home/campuswa/public_html/cake/libs/debugger.php:673) in [/home/campuswa/public_html/cake/libs/controller/controller.php, line 742]
2011-09-11 11:48:52 Warning: Warning (2): mysql_pconnect() [<a href='http://php.net/function.mysql-pconnect'>function.mysql-pconnect</a>]: Access denied for user 'campuswa_yulin'@'localhost' (using password: YES) in [/home/campuswa/public_html/cake/libs/model/datasources/dbo/dbo_mysql.php, line 555]
2011-09-11 11:48:52 Warning: Warning (2): mysql_select_db() expects parameter 2 to be resource, boolean given in [/home/campuswa/public_html/cake/libs/model/datasources/dbo/dbo_mysql.php, line 558]
2011-09-11 11:48:52 Warning: Warning (2): mysql_get_server_info() expects parameter 1 to be resource, boolean given in [/home/campuswa/public_html/cake/libs/model/datasources/dbo/dbo_mysql.php, line 566]
2011-09-11 11:48:52 Warning: Warning (2): mysql_query() expects parameter 2 to be resource, boolean given in [/home/campuswa/public_html/cake/libs/model/datasources/dbo/dbo_mysql.php, line 600]
2011-09-11 11:48:52 Warning: Warning (2): Cannot modify header information - headers already sent by (output started at /home/campuswa/public_html/cake/libs/debugger.php:673) in [/home/campuswa/public_html/cake/libs/controller/controller.php, line 742]
2011-09-11 15:10:20 Warning: Warning (2): Cannot modify header information - headers already sent by (output started at /home/campuswa/public_html/cake/libs/debugger.php:673) in [/home/campuswa/public_html/cake/libs/controller/controller.php, line 742]
2011-09-11 15:12:39 Warning: Warning (2): Cannot modify header information - headers already sent by (output started at /home/campuswa/public_html/cake/libs/debugger.php:673) in [/home/campuswa/public_html/cake/libs/controller/controller.php, line 742]
2011-09-11 15:13:26 Warning: Warning (2): Cannot modify header information - headers already sent by (output started at /home/campuswa/public_html/cake/libs/debugger.php:673) in [/home/campuswa/public_html/cake/libs/controller/controller.php, line 742]
2011-09-14 19:27:49 Warning: Warning (2): Missing argument 2 for UsersController::validation() in [/home/campuswa/public_html/app/controllers/users_controller.php, line 72]
2011-09-14 19:27:49 Warning: Warning (2): Cannot modify header information - headers already sent by (output started at /home/campuswa/public_html/cake/libs/debugger.php:673) in [/home/campuswa/public_html/cake/libs/controller/controller.php, line 742]
2011-09-14 19:28:28 Warning: Warning (2): Missing argument 1 for UsersController::validation() in [/home/campuswa/public_html/app/controllers/users_controller.php, line 72]
2011-09-14 19:28:28 Warning: Warning (2): Missing argument 2 for UsersController::validation() in [/home/campuswa/public_html/app/controllers/users_controller.php, line 72]
2011-09-14 19:28:28 Warning: Warning (2): Cannot modify header information - headers already sent by (output started at /home/campuswa/public_html/cake/libs/debugger.php:673) in [/home/campuswa/public_html/cake/libs/controller/controller.php, line 742]
2011-09-14 19:31:32 Warning: Warning (2): Missing argument 1 for UsersController::validation() in [/home/campuswa/public_html/app/controllers/users_controller.php, line 72]
2011-09-14 19:31:32 Warning: Warning (2): Missing argument 2 for UsersController::validation() in [/home/campuswa/public_html/app/controllers/users_controller.php, line 72]
2011-09-14 19:31:32 Warning: Warning (2): Cannot modify header information - headers already sent by (output started at /home/campuswa/public_html/cake/libs/debugger.php:673) in [/home/campuswa/public_html/cake/libs/controller/controller.php, line 742]
2011-09-14 19:37:09 Warning: Warning (2): Cannot modify header information - headers already sent by (output started at /home/campuswa/public_html/app/controllers/users_controller.php:75) in [/home/campuswa/public_html/cake/libs/controller/controller.php, line 742]
2011-09-14 21:43:32 Warning: Warning (2): Cannot modify header information - headers already sent by (output started at /home/campuswa/public_html/app/controllers/users_controller.php:75) in [/home/campuswa/public_html/cake/libs/controller/controller.php, line 742]
2011-09-14 21:43:51 Warning: Warning (2): Cannot modify header information - headers already sent by (output started at /home/campuswa/public_html/app/controllers/users_controller.php:75) in [/home/campuswa/public_html/cake/libs/controller/controller.php, line 742]
2011-09-14 22:01:57 Warning: Warning (2): Cannot modify header information - headers already sent by (output started at /home/campuswa/public_html/app/controllers/users_controller.php:75) in [/home/campuswa/public_html/cake/libs/controller/controller.php, line 742]
2011-09-14 22:02:25 Warning: Warning (2): Cannot modify header information - headers already sent by (output started at /home/campuswa/public_html/app/controllers/users_controller.php:75) in [/home/campuswa/public_html/cake/libs/controller/controller.php, line 742]
2011-09-14 22:58:32 Warning: Warning (2): Cannot modify header information - headers already sent by (output started at /home/campuswa/public_html/app/controllers/users_controller.php:75) in [/home/campuswa/public_html/cake/libs/controller/controller.php, line 742]
